Drill report for /home/ben/Kicad/icepad/icepad/icepad.kicad_pcb
Created on Thu 23 Apr 2020 15:53:42 BST

Copper Layer Stackup:
    =============================================================
    L1 :  F.Cu                      front
    L2 :  B.Cu                      back


Drill file 'icepad-PTH.drl' contains
    plated through holes:
    =============================================================
    T1  0.40mm  0.016"  (54 holes)
    T2  0.70mm  0.028"  (7 holes)  (with 2 slots)
    T3  1.00mm  0.039"  (10 holes)
    T4  1.04mm  0.041"  (32 holes)
    T5  1.47mm  0.058"  (32 holes)
    T6  1.80mm  0.071"  (4 holes)  (with 4 slots)

    Total plated holes count 139


Drill file 'icepad-NPTH.drl' contains
    unplated through holes:
    =============================================================
    T1  1.75mm  0.069"  (32 holes)
    T2  2.20mm  0.087"  (4 holes)
    T3  3.99mm  0.157"  (16 holes)

    Total unplated holes count 52
